<?xml version="1.0" encoding="UTF-8"?>
<!-- Generated by org.testng.reporters.JUnitReportReporter -->
<testsuite hostname="DESKTOP-2N6HIKN" failures="0" tests="2" name="testCases.TC2_VerifyAnnotation" time="0.002" errors="0" timestamp="2022-06-23T03:28:28 BST" skipped="0">
  <testcase classname="testCases.TC2_VerifyAnnotation" name="step1" time="0.001"/>
  <system-out/>
  <testcase classname="testCases.TC2_VerifyAnnotation" name="step2" time="0.001"/>
  <system-out/>
</testsuite> <!-- testCases.TC2_VerifyAnnotation -->
