<?xml version="1.0" encoding="UTF-8"?>
<!-- Generated by org.testng.reporters.JUnitReportReporter -->
<testsuite hostname="DESKTOP-2N6HIKN" failures="0" tests="1" name="testCases.TC5_VerifyOneWay" time="0.075" errors="0" timestamp="2022-06-28T04:17:18 BST" skipped="0">
  <testcase classname="testCases.TC5_VerifyOneWay" name="verify" time="0.075"/>
  <system-out/>
</testsuite> <!-- testCases.TC5_VerifyOneWay -->
