<?xml version="1.0" encoding="UTF-8"?>
<!-- Generated by org.testng.reporters.JUnitReportReporter -->
<testsuite hostname="DESKTOP-2N6HIKN" failures="0" tests="2" name="testCases.TC1_VerifyAnnotations" time="0.007" errors="0" timestamp="2022-06-24T03:48:55 BST" skipped="0">
  <testcase classname="testCases.TC1_VerifyAnnotations" name="step1" time="0.006"/>
  <system-out/>
  <testcase classname="testCases.TC1_VerifyAnnotations" name="step2" time="0.001"/>
  <system-out/>
</testsuite> <!-- testCases.TC1_VerifyAnnotations -->
